<?xml version="1.0" encoding="UTF-8"?>
<coverage generated="1550278782137" clover="3.2.0">
  <project timestamp="1550278782137" name="All files">
    <metrics statements="17" coveredstatements="15" conditionals="0" coveredconditionals="0" methods="10" coveredmethods="8" elements="27" coveredelements="23" complexity="0" loc="17" ncloc="17" packages="1" files="1" classes="1"/>
    <file name="vehicle-factory.js" path="/Users/erikm.johnson/Desktop/code_fellows/401/Classes-Inheritance-Functional-Program/vehicle-factory.js">
      <metrics statements="17" coveredstatements="15" conditionals="0" coveredconditionals="0" methods="10" coveredmethods="8"/>
      <line num="5" count="1" type="stmt"/>
      <line num="7" count="2" type="stmt"/>
      <line num="8" count="2" type="stmt"/>
      <line num="11" count="1" type="stmt"/>
      <line num="12" count="0" type="stmt"/>
      <line num="15" count="1" type="stmt"/>
      <line num="16" count="0" type="stmt"/>
      <line num="22" count="1" type="stmt"/>
      <line num="31" count="1" type="stmt"/>
      <line num="35" count="1" type="stmt"/>
      <line num="38" count="1" type="stmt"/>
      <line num="42" count="1" type="stmt"/>
      <line num="50" count="1" type="stmt"/>
      <line num="54" count="1" type="stmt"/>
      <line num="58" count="1" type="stmt"/>
      <line num="61" count="1" type="stmt"/>
      <line num="64" count="1" type="stmt"/>
    </file>
  </project>
</coverage>
