{"/Users/erikm.johnson/Desktop/code_fellows/401/Classes-Inheritance-Functional-Program/vehicle-factory.js": {"path":"/Users/erikm.johnson/Desktop/code_fellows/401/Classes-Inheritance-Functional-Program/vehicle-factory.js","statementMap":{"0":{"start":{"line":5,"column":16},"end":{"line":9,"column":1}},"1":{"start":{"line":7,"column":2},"end":{"line":7,"column":19}},"2":{"start":{"line":8,"column":2},"end":{"line":8,"column":23}},"3":{"start":{"line":11,"column":0},"end":{"line":13,"column":2}},"4":{"start":{"line":12,"column":2},"end":{"line":12,"column":26}},"5":{"start":{"line":15,"column":0},"end":{"line":17,"column":2}},"6":{"start":{"line":16,"column":2},"end":{"line":16,"column":20}},"7":{"start":{"line":22,"column":16},"end":{"line":28,"column":2}},"8":{"start":{"line":31,"column":2},"end":{"line":31,"column":26}},"9":{"start":{"line":35,"column":2},"end":{"line":35,"column":20}},"10":{"start":{"line":38,"column":1},"end":{"line":38,"column":30}},"11":{"start":{"line":42,"column":23},"end":{"line":48,"column":2}},"12":{"start":{"line":50,"column":2},"end":{"line":50,"column":26}},"13":{"start":{"line":54,"column":2},"end":{"line":54,"column":20}},"14":{"start":{"line":58,"column":2},"end":{"line":58,"column":18}},"15":{"start":{"line":61,"column":1},"end":{"line":61,"column":37}},"16":{"start":{"line":64,"column":0},"end":{"line":64,"column":35}}},"fnMap":{"0":{"name":"(anonymous_0)","decl":{"start":{"line":5,"column":16},"end":{"line":5,"column":17}},"loc":{"start":{"line":5,"column":39},"end":{"line":9,"column":1}},"line":5},"1":{"name":"(anonymous_1)","decl":{"start":{"line":11,"column":26},"end":{"line":11,"column":27}},"loc":{"start":{"line":11,"column":32},"end":{"line":13,"column":1}},"line":11},"2":{"name":"(anonymous_2)","decl":{"start":{"line":15,"column":25},"end":{"line":15,"column":26}},"loc":{"start":{"line":15,"column":31},"end":{"line":17,"column":1}},"line":15},"3":{"name":"Car","decl":{"start":{"line":19,"column":9},"end":{"line":19,"column":12}},"loc":{"start":{"line":19,"column":25},"end":{"line":39,"column":1}},"line":19},"4":{"name":"drive","decl":{"start":{"line":30,"column":10},"end":{"line":30,"column":15}},"loc":{"start":{"line":30,"column":19},"end":{"line":32,"column":2}},"line":30},"5":{"name":"stop","decl":{"start":{"line":34,"column":10},"end":{"line":34,"column":14}},"loc":{"start":{"line":34,"column":18},"end":{"line":36,"column":2}},"line":34},"6":{"name":"Motorcycle","decl":{"start":{"line":41,"column":9},"end":{"line":41,"column":19}},"loc":{"start":{"line":41,"column":26},"end":{"line":62,"column":1}},"line":41},"7":{"name":"drive","decl":{"start":{"line":49,"column":10},"end":{"line":49,"column":15}},"loc":{"start":{"line":49,"column":19},"end":{"line":51,"column":2}},"line":49},"8":{"name":"stop","decl":{"start":{"line":53,"column":10},"end":{"line":53,"column":14}},"loc":{"start":{"line":53,"column":18},"end":{"line":55,"column":2}},"line":53},"9":{"name":"wheelie","decl":{"start":{"line":57,"column":10},"end":{"line":57,"column":17}},"loc":{"start":{"line":57,"column":20},"end":{"line":59,"column":2}},"line":57}},"branchMap":{},"s":{"0":1,"1":2,"2":2,"3":1,"4":0,"5":1,"6":0,"7":1,"8":1,"9":1,"10":1,"11":1,"12":1,"13":1,"14":1,"15":1,"16":1},"f":{"0":2,"1":0,"2":0,"3":1,"4":1,"5":1,"6":1,"7":1,"8":1,"9":1},"b":{},"_coverageSchema":"43e27e138ebf9cfc5966b082cf9a028302ed4184","hash":"df107db51073addf738d068fe6802a55f9c25465"}
}
