TN:
SF:/Users/erikm.johnson/Desktop/code_fellows/401/Classes-Inheritance-Functional-Program/vehicle-factory.js
FN:5,(anonymous_0)
FN:11,(anonymous_1)
FN:15,(anonymous_2)
FN:19,Car
FN:30,drive
FN:34,stop
FN:41,Motorcycle
FN:49,drive
FN:53,stop
FN:57,wheelie
FNF:10
FNH:8
FNDA:2,(anonymous_0)
FNDA:0,(anonymous_1)
FNDA:0,(anonymous_2)
FNDA:1,Car
FNDA:1,drive
FNDA:1,stop
FNDA:1,Motorcycle
FNDA:1,drive
FNDA:1,stop
FNDA:1,wheelie
DA:5,1
DA:7,2
DA:8,2
DA:11,1
DA:12,0
DA:15,1
DA:16,0
DA:22,1
DA:31,1
DA:35,1
DA:38,1
DA:42,1
DA:50,1
DA:54,1
DA:58,1
DA:61,1
DA:64,1
LF:17
LH:15
BRF:0
BRH:0
end_of_record
