TN:
SF:/Users/erikm.johnson/Desktop/code_fellows/401/Classes-Inheritance-Functional-Program/list.js
FN:5,(anonymous_0)
FN:13,(anonymous_1)
FN:22,(anonymous_2)
FN:29,(anonymous_3)
FN:36,(anonymous_4)
FN:43,(anonymous_5)
FN:51,(anonymous_6)
FN:59,(anonymous_7)
FN:69,(anonymous_8)
FNF:9
FNH:9
FNDA:9,(anonymous_0)
FNDA:16,(anonymous_1)
FNDA:1,(anonymous_2)
FNDA:1,(anonymous_3)
FNDA:5,(anonymous_4)
FNDA:1,(anonymous_5)
FNDA:2,(anonymous_6)
FNDA:2,(anonymous_7)
FNDA:2,(anonymous_8)
DA:6,9
DA:7,9
DA:15,16
DA:16,16
DA:23,1
DA:24,1
DA:25,1
DA:26,1
DA:30,1
DA:31,1
DA:32,1
DA:33,1
DA:37,5
DA:38,10
DA:39,10
DA:44,1
DA:45,4
DA:46,2
DA:52,2
DA:53,2
DA:54,8
DA:56,2
DA:60,2
DA:61,2
DA:62,8
DA:63,4
DA:66,2
DA:70,2
DA:71,2
DA:72,8
DA:73,4
DA:76,2
DA:81,1
LF:33
LH:33
BRDA:45,0,0,2
BRDA:45,0,1,2
BRDA:62,1,0,4
BRDA:62,1,1,4
BRDA:72,2,0,4
BRDA:72,2,1,4
BRF:6
BRH:6
end_of_record
